Ba_ONCV_PBE-1.2.upf
BaTiO3_scf_pbe.prm
BaTiO3_scf_r2scan.prm
coordinates.inp
domainVectors.inp
error.log
job.sub
O_ONCV_PBE-1.2.upf
output.log
pseudo.inp
set_affinity_gpu_polaris.sh
Ti_ONCV_PBE-1.2.upf
NUM_OF_NODES= 8 TOTAL_NUM_RANKS= 32 RANKS_PER_NODE= 4 THREADS_PER_RANK= 8
Ba_ONCV_PBE-1.2.upf
BaTiO3_scf_pbe1.prm
BaTiO3_scf_pbe.prm
BaTiO3_scf_r2scan.prm
coordinates.inp
domainVectors.inp
error.log
job.sub
O_ONCV_PBE-1.2.upf
output.log
pseudo.inp
set_affinity_gpu_polaris.sh
Ti_ONCV_PBE-1.2.upf
NUM_OF_NODES= 8 TOTAL_NUM_RANKS= 32 RANKS_PER_NODE= 4 THREADS_PER_RANK= 8
Ba_ONCV_PBE-1.2.upf
BaTiO3_scf_pbe1.prm
BaTiO3_scf_pbe.out
BaTiO3_scf_pbe.prm
BaTiO3_scf_r2scan.out
BaTiO3_scf_r2scan.prm
coordinates.inp
dftfeScratch0t1759407804667
dftfeScratch0t1759408220329
domainVectors.inp
error.log
job.sub
O_ONCV_PBE-1.2.upf
output.log
pseudo.inp
set_affinity_gpu_polaris.sh
Ti_ONCV_PBE-1.2.upf
NUM_OF_NODES= 8 TOTAL_NUM_RANKS= 32 RANKS_PER_NODE= 4 THREADS_PER_RANK= 8
Ba_ONCV_PBE-1.2.upf
BaTiO3_scf_pbe1.prm
BaTiO3_scf_pbe.out
BaTiO3_scf_pbe.prm
BaTiO3_scf_r2scan.out
BaTiO3_scf_r2scan.prm
coordinates.inp
dftfeScratch0t1759407804667
dftfeScratch0t1759408220329
dftfeScratch0t1759408463314
dftfeScratch0t1759408881851
domainVectors.inp
error.log
job.sub
O_ONCV_PBE-1.2.upf
output.log
pseudo.inp
set_affinity_gpu_polaris.sh
Ti_ONCV_PBE-1.2.upf
NUM_OF_NODES= 6 TOTAL_NUM_RANKS= 24 RANKS_PER_NODE= 4 THREADS_PER_RANK= 8
Ba_ONCV_PBE-1.2.upf
BaTiO3_scf_pbe1.prm
BaTiO3_scf_pbe.prm
BaTiO3_scf_r2scan.prm
coordinates.inp
domainVectors.inp
error.log
job.sub
O_ONCV_PBE-1.2.upf
output.log
pseudo.inp
set_affinity_gpu_polaris.sh
Ti_ONCV_PBE-1.2.upf
NUM_OF_NODES= 8 TOTAL_NUM_RANKS= 32 RANKS_PER_NODE= 4 THREADS_PER_RANK= 8
