Ba_ONCV_PBE-1.2.upf
BaTiO3_scf_pbe1.prm
BaTiO3_scf_pbe.prm
BaTiO3_scf_r2scan.prm
coordinates.inp
domainVectors.inp
error.log
job.sub
O_ONCV_PBE-1.2.upf
output.log
pseudo.inp
set_affinity_gpu_polaris.sh
Ti_ONCV_PBE-1.2.upf
NUM_OF_NODES= 13 TOTAL_NUM_RANKS= 52 RANKS_PER_NODE= 4 THREADS_PER_RANK= 8
Ba_ONCV_PBE-1.2.upf
BaTiO3_scf_pbe1.out
BaTiO3_scf_pbe1.prm
BaTiO3_scf_pbe.prm
BaTiO3_scf_r2scan.prm
coordinates.inp
dftfeScratch0t1759408624957
domainVectors.inp
error.log
job.sub
O_ONCV_PBE-1.2.upf
output.log
pseudo.inp
set_affinity_gpu_polaris.sh
Ti_ONCV_PBE-1.2.upf
NUM_OF_NODES= 16 TOTAL_NUM_RANKS= 64 RANKS_PER_NODE= 4 THREADS_PER_RANK= 8
Ba_ONCV_PBE-1.2.upf
BaTiO3_scf_pbe1.out
BaTiO3_scf_pbe1.prm
BaTiO3_scf_pbe.out
BaTiO3_scf_pbe.prm
BaTiO3_scf_r2scan.out
BaTiO3_scf_r2scan.prm
coordinates.inp
dftfeScratch0t1759408624957
dftfeScratch0t1759408915708
dftfeScratch0t1759409737582
domainVectors.inp
error.log
job.sub
O_ONCV_PBE-1.2.upf
output.log
pseudo.inp
set_affinity_gpu_polaris.sh
Ti_ONCV_PBE-1.2.upf
NUM_OF_NODES= 16 TOTAL_NUM_RANKS= 64 RANKS_PER_NODE= 4 THREADS_PER_RANK= 8
Ba_ONCV_PBE-1.2.upf
BaTiO3_scf_pbe1.prm
BaTiO3_scf_pbe.prm
BaTiO3_scf_r2scan.prm
coordinates.inp
domainVectors.inp
error.log
job.sub
O_ONCV_PBE-1.2.upf
output.log
pseudo.inp
set_affinity_gpu_polaris.sh
Ti_ONCV_PBE-1.2.upf
NUM_OF_NODES= 16 TOTAL_NUM_RANKS= 64 RANKS_PER_NODE= 4 THREADS_PER_RANK= 8
Ba_ONCV_PBE-1.2.upf
BaTiO3_scf_pbe1.prm
BaTiO3_scf_pbe.out
BaTiO3_scf_pbe.prm
BaTiO3_scf_r2scan.out
BaTiO3_scf_r2scan.prm
coordinates.inp
dftfeScratch0t1759420231440
dftfeScratch0t1759421070384
domainVectors.inp
error.log
job.sub
O_ONCV_PBE-1.2.upf
output.log
pseudo.inp
set_affinity_gpu_polaris.sh
Ti_ONCV_PBE-1.2.upf
NUM_OF_NODES= 18 TOTAL_NUM_RANKS= 72 RANKS_PER_NODE= 4 THREADS_PER_RANK= 8
